<?xml version="1.0" encoding="UTF-8" ?>
<testsuite tests="11" failures="0" name="ci.training.WalletServiceTest" time="0.201" errors="0" skipped="0">
  <properties>
    <property name="java.runtime.name" value="OpenJDK Runtime Environment"/>
    <property name="java.vm.version" value="11.0.2+9"/>
    <property name="sun.boot.library.path" value="C:\Program Files\OpenJDK11\bin"/>
    <property name="maven.multiModuleProjectDirectory" value="C:\regieDaquioag\CiUsers\training"/>
    <property name="java.vm.vendor" value="Oracle Corporation"/>
    <property name="java.vendor.url" value="http://java.oracle.com/"/>
    <property name="guice.disable.misplaced.annotation.check" value="true"/>
    <property name="path.separator" value=";"/>
    <property name="java.vm.name" value="OpenJDK 64-Bit Server VM"/>
    <property name="sun.os.patch.level" value=""/>
    <property name="user.script" value=""/>
    <property name="user.country" value="US"/>
    <property name="sun.java.launcher" value="SUN_STANDARD"/>
    <property name="java.vm.specification.name" value="Java Virtual Machine Specification"/>
    <property name="user.dir" value="C:\regieDaquioag\CiUsers\training"/>
    <property name="java.vm.compressedOopsMode" value="32-bit"/>
    <property name="java.runtime.version" value="11.0.2+9"/>
    <property name="java.awt.graphicsenv" value="sun.awt.Win32GraphicsEnvironment"/>
    <property name="os.arch" value="amd64"/>
    <property name="java.io.tmpdir" value="C:\Users\rdaquioa\AppData\Local\Temp\"/>
    <property name="line.separator" value="
"/>
    <property name="java.vm.specification.vendor" value="Oracle Corporation"/>
    <property name="user.variant" value=""/>
    <property name="os.name" value="Windows 10"/>
    <property name="classworlds.conf" value="C:\regieDaquioag\CiUsers\.metadata\.plugins\org.eclipse.m2e.launching\launches\m2conf7969862909878668650.tmp"/>
    <property name="jansi.force" value="true"/>
    <property name="sun.jnu.encoding" value="Cp1252"/>
    <property name="java.library.path" value="C:\Program Files\OpenJDK11\bin;C:\WINDOWS\Sun\Java\bin;C:\WINDOWS\system32;C:\WINDOWS;C:/Program Files/OpenJDK11/Bin/server;C:/Program Files/OpenJDK11/Bin;C:\WINDOWS\system32;C:\WINDOWS;C:\WINDOWS\System32\Wbem;C:\WINDOWS\System32\WindowsPowerShell\v1.0\;C:\WINDOWS\System32\OpenSSH\;C:\Program Files\OpenJDK11\Bin;C:\Users\rdaquioa\AppData\Local\Microsoft\WindowsApps;C:\regieDaquioag\downloadsGoHere\gitThings\cmd;C:\Users\rdaquioa\AppData\Roaming\Cloud Foundry;C:\Users\rdaquioa\Downloads\apache-maven-3.6.1\bin;C:\Users\rdaquioa\Downloads\gradle-5.5\bin;C:\Program Files\Sublime Text 3;;C:\Users\rdaquioa\OneDrive - Capgemini\Desktop\notes\STS\sts-4.2.2.RELEASE;;."/>
    <property name="jansi.passthrough" value="true"/>
    <property name="jdk.debug" value="release"/>
    <property name="java.class.version" value="55.0"/>
    <property name="java.specification.name" value="Java Platform API Specification"/>
    <property name="sun.management.compiler" value="HotSpot 64-Bit Tiered Compilers"/>
    <property name="os.version" value="10.0"/>
    <property name="user.home" value="C:\Users\rdaquioa"/>
    <property name="user.timezone" value="America/Chicago"/>
    <property name="java.awt.printerjob" value="sun.awt.windows.WPrinterJob"/>
    <property name="file.encoding" value="Cp1252"/>
    <property name="java.specification.version" value="11"/>
    <property name="user.name" value="rdaquioa"/>
    <property name="java.class.path" value="C:\Users\rdaquioa\OneDrive - Capgemini\Desktop\notes\STS\sts-4.2.2.RELEASE\plugins\org.eclipse.m2e.maven.runtime_1.11.0.20190220-2117\jars\plexus-classworlds-2.5.2.jar"/>
    <property name="java.vm.specification.version" value="11"/>
    <property name="sun.arch.data.model" value="64"/>
    <property name="sun.java.command" value="org.codehaus.plexus.classworlds.launcher.Launcher -B test -Dstyle.color=always"/>
    <property name="java.home" value="C:\Program Files\OpenJDK11"/>
    <property name="user.language" value="en"/>
    <property name="java.specification.vendor" value="Oracle Corporation"/>
    <property name="awt.toolkit" value="sun.awt.windows.WToolkit"/>
    <property name="java.vm.info" value="mixed mode"/>
    <property name="java.version" value="11.0.2"/>
    <property name="java.vendor" value="Oracle Corporation"/>
    <property name="maven.home" value="C:\regieDaquioag\CiUsers\training\EMBEDDED"/>
    <property name="style.color" value="always"/>
    <property name="file.separator" value="\"/>
    <property name="java.version.date" value="2019-01-15"/>
    <property name="java.vendor.url.bug" value="http://bugreport.java.com/bugreport/"/>
    <property name="sun.io.unicode.encoding" value="UnicodeLittle"/>
    <property name="sun.cpu.endian" value="little"/>
    <property name="java.vendor.version" value="18.9"/>
    <property name="sun.desktop" value="windows"/>
    <property name="sun.cpu.isalist" value="amd64"/>
  </properties>
  <testcase classname="ci.training.WalletServiceTest" name="test_showBalance_returnsNullForInvalidAccount" time="0.189"/>
  <testcase classname="ci.training.WalletServiceTest" name="test_deposit_returnsNullForInvalidAccount" time="0.004"/>
  <testcase classname="ci.training.WalletServiceTest" name="test_deposit_amountShouldNotBeLessThanZero" time="0.001"/>
  <testcase classname="ci.training.WalletServiceTest" name="test_deposit_success" time="0.001"/>
  <testcase classname="ci.training.WalletServiceTest" name="test_showBalance_throwsExceptionForIllegalArguments" time="0.001"/>
  <testcase classname="ci.training.WalletServiceTest" name="test_showBalance_success" time="0"/>
  <testcase classname="ci.training.WalletServiceTest" name="test_createWallet_success" time="0.001"/>
  <testcase classname="ci.training.WalletServiceTest" name="test_withdraw_returnsNullForInvalidAccount" time="0.001"/>
  <testcase classname="ci.training.WalletServiceTest" name="test_withdraw_insufficientBalance" time="0.001"/>
  <testcase classname="ci.training.WalletServiceTest" name="test_withdraw_success" time="0.001"/>
  <testcase classname="ci.training.WalletServiceTest" name="test_createWallet_throwsExceptionForIlllegalArguments" time="0.001"/>
</testsuite>